<?xml version="1.0" encoding="UTF-8"?>
<!-- Generated by org.testng.reporters.JUnitReportReporter -->
<testsuite hostname="192.168.1.2" failures="0" tests="1" name="day8.DeleteUser" time="0.906" errors="0" timestamp="2023-02-03T22:04:51 IST" skipped="0">
  <testcase classname="day8.DeleteUser" name="test_DeleteUser" time="0.906"/>
  <system-out/>
</testsuite> <!-- day8.DeleteUser -->
