<?xml version="1.0" encoding="UTF-8"?>
<!-- Generated by org.testng.reporters.JUnitReportReporter -->
<testsuite hostname="192.168.1.2" failures="0" tests="1" name="day3.LoggingDemo" time="2.689" errors="0" timestamp="2023-01-15T20:30:32 IST" skipped="0">
  <testcase classname="day3.LoggingDemo" name="testLogs" time="2.689"/>
  <system-out/>
</testsuite> <!-- day3.LoggingDemo -->
