<?xml version="1.0" encoding="UTF-8"?>
<!-- Generated by org.testng.reporters.JUnitReportReporter -->
<testsuite hostname="192.168.1.2" failures="0" tests="1" name="day8.UpdateUser" time="0.868" errors="0" timestamp="2023-02-03T22:04:51 IST" skipped="0">
  <testcase classname="day8.UpdateUser" name="test_UpdateUser" time="0.868"/>
  <system-out/>
</testsuite> <!-- day8.UpdateUser -->
