<?xml version="1.0" encoding="UTF-8"?>
<!-- Generated by org.testng.reporters.JUnitReportReporter -->
<testsuite hostname="192.168.1.2" failures="0" tests="1" name="day6.JsonSchemaValidation" time="2.509" errors="0" timestamp="2023-01-30T09:34:20 IST" skipped="0">
  <testcase classname="day6.JsonSchemaValidation" name="jsonschemaValidationTest" time="2.509"/>
  <system-out/>
</testsuite> <!-- day6.JsonSchemaValidation -->
