<?xml version="1.0" encoding="UTF-8"?>
<!-- Generated by org.testng.reporters.JUnitReportReporter -->
<testsuite hostname="Amits-MacBook-Air.local" failures="0" tests="4" name="day1.HTTPRequests" time="6.143" errors="0" timestamp="2023-01-03T21:52:20 IST" skipped="0">
  <testcase classname="day1.HTTPRequests" name="getUsers" time="3.726"/>
  <system-out/>
  <testcase classname="day1.HTTPRequests" name="createUser" time="0.973"/>
  <system-out/>
  <testcase classname="day1.HTTPRequests" name="updateUser" time="0.735"/>
  <system-out/>
  <testcase classname="day1.HTTPRequests" name="deleteUser" time="0.709"/>
  <system-out/>
</testsuite> <!-- day1.HTTPRequests -->
