<?xml version="1.0" encoding="UTF-8"?>
<!-- Generated by org.testng.reporters.JUnitReportReporter -->
<testsuite hostname="192.168.1.3" failures="0" tests="1" name="day5.PasrsingXMLResponseData" time="2.910" errors="0" timestamp="2023-01-23T20:41:48 IST" skipped="0">
  <testcase classname="day5.PasrsingXMLResponseData" name="testXMLResponsebody" time="2.910"/>
  <system-out/>
</testsuite> <!-- day5.PasrsingXMLResponseData -->
