<?xml version="1.0" encoding="UTF-8"?>
<!-- Generated by org.testng.reporters.JUnitReportReporter -->
<testsuite hostname="Amits-MacBook-Air.local" failures="0" tests="2" name="day2.DiffrentWaysToCreatePostRequestBody" time="3.014" errors="0" timestamp="2023-01-07T11:56:34 IST" skipped="0">
  <testcase classname="day2.DiffrentWaysToCreatePostRequestBody" name="testPostusingExternalJsonfile" time="2.960"/>
  <system-out/>
  <testcase classname="day2.DiffrentWaysToCreatePostRequestBody" name="testDelete" time="0.054"/>
  <system-out/>
</testsuite> <!-- day2.DiffrentWaysToCreatePostRequestBody -->
