<?xml version="1.0" encoding="UTF-8"?>
<!-- Generated by org.testng.reporters.JUnitReportReporter -->
<testsuite hostname="Amits-MacBook-Air.local" failures="0" tests="1" name="day3.Headersdemo" time="2.505" errors="0" timestamp="2023-01-13T23:19:50 IST" skipped="0">
  <testcase classname="day3.Headersdemo" name="getheaders" time="2.505"/>
  <system-out/>
</testsuite> <!-- day3.Headersdemo -->
