<?xml version="1.0" encoding="UTF-8"?>
<!-- Generated by org.testng.reporters.JUnitReportReporter -->
<testsuite hostname="192.168.1.2" failures="0" tests="1" name="day8.GetUser" time="0.939" errors="0" timestamp="2023-02-03T22:04:51 IST" skipped="0">
  <testcase classname="day8.GetUser" name="test_getUser" time="0.939"/>
  <system-out/>
</testsuite> <!-- day8.GetUser -->
