<?xml version="1.0" encoding="UTF-8"?>
<!-- Generated by org.testng.reporters.JUnitReportReporter -->
<testsuite hostname="192.168.1.2" failures="0" tests="1" name="day8.CreateUser" time="4.304" errors="0" timestamp="2023-02-03T22:04:51 IST" skipped="0">
  <testcase classname="day8.CreateUser" name="test_CreateUser" time="4.304"/>
  <system-out/>
</testsuite> <!-- day8.CreateUser -->
