<?xml version="1.0" encoding="UTF-8"?>
<!-- Generated by org.testng.reporters.JUnitReportReporter -->
<testsuite hostname="Amits-MacBook-Air.local" failures="0" tests="1" name="day3.CookiesDemo" time="2.447" errors="0" timestamp="2023-01-13T23:01:48 IST" skipped="0">
  <testcase classname="day3.CookiesDemo" name="getCookiesInfo" time="2.447"/>
  <system-out/>
</testsuite> <!-- day3.CookiesDemo -->
