<?xml version="1.0" encoding="UTF-8"?>
<!-- Generated by org.testng.reporters.JUnitReportReporter -->
<testsuite hostname="Amits-MacBook-Air.local" failures="0" tests="1" name="day3.PathAndqueryparams" time="3.400" errors="0" timestamp="2023-01-12T10:40:56 IST" skipped="0">
  <testcase classname="day3.PathAndqueryparams" name="testQueryAndPathParameters" time="3.400"/>
  <system-out/>
</testsuite> <!-- day3.PathAndqueryparams -->
