<?xml version="1.0" encoding="UTF-8"?>
<!-- Generated by org.testng.reporters.JUnitReportReporter -->
<testsuite hostname="Amits-MacBook-Air.local" failures="0" tests="1" name="day7.FakerDataGenerator" time="0.384" errors="0" timestamp="2023-02-02T21:00:16 IST" skipped="0">
  <testcase classname="day7.FakerDataGenerator" name="testGenerateDummyData" time="0.384"/>
  <system-out/>
</testsuite> <!-- day7.FakerDataGenerator -->
